This is pdfTeX, Version 3.141592653-2.6-1.40.25 (MiKTeX 23.10) (preloaded format=pdflatex 2023.10.10)  13 OCT 2023 03:14
entering extended mode
 restricted \write18 enabled.
 file:line:error style messages enabled.
 %&-line parsing enabled.
**c:/Users/sento/Documents/GitHub/catFeeder/Documentation/paper.tex
(c:/Users/sento/Documents/GitHub/catFeeder/Documentation/paper.tex
LaTeX2e <2023-06-01> patch level 1
L3 programming layer <2023-08-29>
(IEEEtran.cls
Document Class: IEEEtran 2015/08/26 V1.8b by Michael Shell
-- See the "IEEEtran_HOWTO" manual for usage information.
-- http://www.michaelshell.org/tex/ieeetran/
\@IEEEtrantmpdimenA=\dimen140
\@IEEEtrantmpdimenB=\dimen141
\@IEEEtrantmpdimenC=\dimen142
\@IEEEtrantmpcountA=\count185
\@IEEEtrantmpcountB=\count186
\@IEEEtrantmpcountC=\count187
\@IEEEtrantmptoksA=\toks17
LaTeX Font Info:    Trying to load font information for OT1+ptm on input line 503.
(C:\Users\sento\AppData\Local\Programs\MiKTeX\tex/latex/psnfss\ot1ptm.fd
File: ot1ptm.fd 2001/06/04 font definitions for OT1/ptm.
)
-- Using 8.5in x 11in (letter) paper.
-- Using PDF output.
\@IEEEnormalsizeunitybaselineskip=\dimen143
-- This is a 10 point document.
\CLASSINFOnormalsizebaselineskip=\dimen144
\CLASSINFOnormalsizeunitybaselineskip=\dimen145
\IEEEnormaljot=\dimen146
LaTeX Font Info:    Font shape `OT1/ptm/bx/n' in size <5> not available
(Font)              Font shape `OT1/ptm/b/n' tried instead on input line 1090.
LaTeX Font Info:    Font shape `OT1/ptm/bx/it' in size <5> not available
(Font)              Font shape `OT1/ptm/b/it' tried instead on input line 1090.
LaTeX Font Info:    Font shape `OT1/ptm/bx/n' in size <7> not available
(Font)              Font shape `OT1/ptm/b/n' tried instead on input line 1090.
LaTeX Font Info:    Font shape `OT1/ptm/bx/it' in size <7> not available
(Font)              Font shape `OT1/ptm/b/it' tried instead on input line 1090.
LaTeX Font Info:    Font shape `OT1/ptm/bx/n' in size <8> not available
(Font)              Font shape `OT1/ptm/b/n' tried instead on input line 1090.
LaTeX Font Info:    Font shape `OT1/ptm/bx/it' in size <8> not available
(Font)              Font shape `OT1/ptm/b/it' tried instead on input line 1090.
LaTeX Font Info:    Font shape `OT1/ptm/bx/n' in size <9> not available
(Font)              Font shape `OT1/ptm/b/n' tried instead on input line 1090.
LaTeX Font Info:    Font shape `OT1/ptm/bx/it' in size <9> not available
(Font)              Font shape `OT1/ptm/b/it' tried instead on input line 1090.
LaTeX Font Info:    Font shape `OT1/ptm/bx/n' in size <10> not available
(Font)              Font shape `OT1/ptm/b/n' tried instead on input line 1090.
LaTeX Font Info:    Font shape `OT1/ptm/bx/it' in size <10> not available
(Font)              Font shape `OT1/ptm/b/it' tried instead on input line 1090.
LaTeX Font Info:    Font shape `OT1/ptm/bx/n' in size <11> not available
(Font)              Font shape `OT1/ptm/b/n' tried instead on input line 1090.
LaTeX Font Info:    Font shape `OT1/ptm/bx/it' in size <11> not available
(Font)              Font shape `OT1/ptm/b/it' tried instead on input line 1090.
LaTeX Font Info:    Font shape `OT1/ptm/bx/n' in size <12> not available
(Font)              Font shape `OT1/ptm/b/n' tried instead on input line 1090.
LaTeX Font Info:    Font shape `OT1/ptm/bx/it' in size <12> not available
(Font)              Font shape `OT1/ptm/b/it' tried instead on input line 1090.
LaTeX Font Info:    Font shape `OT1/ptm/bx/n' in size <17> not available
(Font)              Font shape `OT1/ptm/b/n' tried instead on input line 1090.
LaTeX Font Info:    Font shape `OT1/ptm/bx/it' in size <17> not available
(Font)              Font shape `OT1/ptm/b/it' tried instead on input line 1090.
LaTeX Font Info:    Font shape `OT1/ptm/bx/n' in size <20> not available
(Font)              Font shape `OT1/ptm/b/n' tried instead on input line 1090.
LaTeX Font Info:    Font shape `OT1/ptm/bx/it' in size <20> not available
(Font)              Font shape `OT1/ptm/b/it' tried instead on input line 1090.
LaTeX Font Info:    Font shape `OT1/ptm/bx/n' in size <24> not available
(Font)              Font shape `OT1/ptm/b/n' tried instead on input line 1090.
LaTeX Font Info:    Font shape `OT1/ptm/bx/it' in size <24> not available
(Font)              Font shape `OT1/ptm/b/it' tried instead on input line 1090.
\IEEEquantizedlength=\dimen147
\IEEEquantizedlengthdiff=\dimen148
\IEEEquantizedtextheightdiff=\dimen149
\IEEEilabelindentA=\dimen150
\IEEEilabelindentB=\dimen151
\IEEEilabelindent=\dimen152
\IEEEelabelindent=\dimen153
\IEEEdlabelindent=\dimen154
\IEEElabelindent=\dimen155
\IEEEiednormlabelsep=\dimen156
\IEEEiedmathlabelsep=\dimen157
\IEEEiedtopsep=\skip48
\c@section=\count188
\c@subsection=\count189
\c@subsubsection=\count190
\c@paragraph=\count191
\c@IEEEsubequation=\count192
\abovecaptionskip=\skip49
\belowcaptionskip=\skip50
\c@figure=\count193
\c@table=\count194
\@IEEEeqnnumcols=\count195
\@IEEEeqncolcnt=\count196
\@IEEEsubeqnnumrollback=\count197
\@IEEEquantizeheightA=\dimen158
\@IEEEquantizeheightB=\dimen159
\@IEEEquantizeheightC=\dimen160
\@IEEEquantizeprevdepth=\dimen161
\@IEEEquantizemultiple=\count198
\@IEEEquantizeboxA=\box51
\@IEEEtmpitemindent=\dimen162
\IEEEPARstartletwidth=\dimen163
\c@IEEEbiography=\count199
\@IEEEtranrubishbin=\box52
)
** ATTENTION: Overriding command lockouts (line 2).
(C:\Users\sento\AppData\Local\Programs\MiKTeX\tex/latex/cite\cite.sty
LaTeX Info: Redefining \cite on input line 302.
LaTeX Info: Redefining \nocite on input line 332.
Package: cite 2015/02/27  v 5.5
) (C:\Users\sento\AppData\Local\Programs\MiKTeX\tex/latex/amsmath\amsmath.sty
Package: amsmath 2023/05/13 v2.17o AMS math features
\@mathmargin=\skip51

For additional information on amsmath, use the `?' option.
(C:\Users\sento\AppData\Local\Programs\MiKTeX\tex/latex/amsmath\amstext.sty
Package: amstext 2021/08/26 v2.01 AMS text
 (C:\Users\sento\AppData\Local\Programs\MiKTeX\tex/latex/amsmath\amsgen.sty
File: amsgen.sty 1999/11/30 v2.0 generic functions
\@emptytoks=\toks18
\ex@=\dimen164
)) (C:\Users\sento\AppData\Local\Programs\MiKTeX\tex/latex/amsmath\amsbsy.sty
Package: amsbsy 1999/11/29 v1.2d Bold Symbols
\pmbraise@=\dimen165
) (C:\Users\sento\AppData\Local\Programs\MiKTeX\tex/latex/amsmath\amsopn.sty
Package: amsopn 2022/04/08 v2.04 operator names
)
\inf@bad=\count266
LaTeX Info: Redefining \frac on input line 234.
\uproot@=\count267
\leftroot@=\count268
LaTeX Info: Redefining \overline on input line 399.
LaTeX Info: Redefining \colon on input line 410.
\classnum@=\count269
\DOTSCASE@=\count270
LaTeX Info: Redefining \ldots on input line 496.
LaTeX Info: Redefining \dots on input line 499.
LaTeX Info: Redefining \cdots on input line 620.
\Mathstrutbox@=\box53
\strutbox@=\box54
LaTeX Info: Redefining \big on input line 722.
LaTeX Info: Redefining \Big on input line 723.
LaTeX Info: Redefining \bigg on input line 724.
LaTeX Info: Redefining \Bigg on input line 725.
\big@size=\dimen166
LaTeX Font Info:    Redeclaring font encoding OML on input line 743.
LaTeX Font Info:    Redeclaring font encoding OMS on input line 744.
\macc@depth=\count271
LaTeX Info: Redefining \bmod on input line 905.
LaTeX Info: Redefining \pmod on input line 910.
LaTeX Info: Redefining \smash on input line 940.
LaTeX Info: Redefining \relbar on input line 970.
LaTeX Info: Redefining \Relbar on input line 971.
\c@MaxMatrixCols=\count272
\dotsspace@=\muskip16
\c@parentequation=\count273
\dspbrk@lvl=\count274
\tag@help=\toks19
\row@=\count275
\column@=\count276
\maxfields@=\count277
\andhelp@=\toks20
\eqnshift@=\dimen167
\alignsep@=\dimen168
\tagshift@=\dimen169
\tagwidth@=\dimen170
\totwidth@=\dimen171
\lineht@=\dimen172
\@envbody=\toks21
\multlinegap=\skip52
\multlinetaggap=\skip53
\mathdisplay@stack=\toks22
LaTeX Info: Redefining \[ on input line 2953.
LaTeX Info: Redefining \] on input line 2954.
) (C:\Users\sento\AppData\Local\Programs\MiKTeX\tex/latex/amsfonts\amssymb.sty
Package: amssymb 2013/01/14 v3.01 AMS font symbols
 (C:\Users\sento\AppData\Local\Programs\MiKTeX\tex/latex/amsfonts\amsfonts.sty
Package: amsfonts 2013/01/14 v3.01 Basic AMSFonts support
\symAMSa=\mathgroup4
\symAMSb=\mathgroup5
LaTeX Font Info:    Redeclaring math symbol \hbar on input line 98.
LaTeX Font Info:    Overwriting math alphabet `\mathfrak' in version `bold'
(Font)                  U/euf/m/n --> U/euf/b/n on input line 106.
)) (C:\Users\sento\AppData\Local\Programs\MiKTeX\tex/latex/algorithms\algorithmic.sty
Package: algorithmic 2009/08/24 v0.1 Document Style `algorithmic'
 (C:\Users\sento\AppData\Local\Programs\MiKTeX\tex/latex/base\ifthen.sty
Package: ifthen 2022/04/13 v1.1d Standard LaTeX ifthen package (DPC)
) (C:\Users\sento\AppData\Local\Programs\MiKTeX\tex/latex/graphics\keyval.sty
Package: keyval 2022/05/29 v1.15 key=value parser (DPC)
\KV@toks@=\toks23
)
\c@ALC@unique=\count278
\c@ALC@line=\count279
\c@ALC@rem=\count280
\c@ALC@depth=\count281
\ALC@tlm=\skip54
\algorithmicindent=\skip55
) (C:\Users\sento\AppData\Local\Programs\MiKTeX\tex/latex/graphics\graphicx.sty
Package: graphicx 2021/09/16 v1.2d Enhanced LaTeX Graphics (DPC,SPQR)
 (C:\Users\sento\AppData\Local\Programs\MiKTeX\tex/latex/graphics\graphics.sty
Package: graphics 2022/03/10 v1.4e Standard LaTeX Graphics (DPC,SPQR)
 (C:\Users\sento\AppData\Local\Programs\MiKTeX\tex/latex/graphics\trig.sty
Package: trig 2021/08/11 v1.11 sin cos tan (DPC)
) (C:\Users\sento\AppData\Local\Programs\MiKTeX\tex/latex/graphics-cfg\graphics.cfg
File: graphics.cfg 2016/06/04 v1.11 sample graphics configuration
)
Package graphics Info: Driver file: pdftex.def on input line 107.
 (C:\Users\sento\AppData\Local\Programs\MiKTeX\tex/latex/graphics-def\pdftex.def
File: pdftex.def 2022/09/22 v1.2b Graphics/color driver for pdftex
))
\Gin@req@height=\dimen173
\Gin@req@width=\dimen174
) (C:\Users\sento\AppData\Local\Programs\MiKTeX\tex/latex/base\textcomp.sty
Package: textcomp 2020/02/02 v2.0n Standard LaTeX package
) (C:\Users\sento\AppData\Local\Programs\MiKTeX\tex/latex/xcolor\xcolor.sty
Package: xcolor 2022/06/12 v2.14 LaTeX color extensions (UK)
 (C:\Users\sento\AppData\Local\Programs\MiKTeX\tex/latex/graphics-cfg\color.cfg
File: color.cfg 2016/01/02 v1.6 sample color configuration
)
Package xcolor Info: Driver file: pdftex.def on input line 227.
 (C:\Users\sento\AppData\Local\Programs\MiKTeX\tex/latex/graphics\mathcolor.ltx)
Package xcolor Info: Model `cmy' substituted by `cmy0' on input line 1353.
Package xcolor Info: Model `hsb' substituted by `rgb' on input line 1357.
Package xcolor Info: Model `RGB' extended on input line 1369.
Package xcolor Info: Model `HTML' substituted by `rgb' on input line 1371.
Package xcolor Info: Model `Hsb' substituted by `hsb' on input line 1372.
Package xcolor Info: Model `tHsb' substituted by `hsb' on input line 1373.
Package xcolor Info: Model `HSB' substituted by `hsb' on input line 1374.
Package xcolor Info: Model `Gray' substituted by `gray' on input line 1375.
Package xcolor Info: Model `wave' substituted by `hsb' on input line 1376.
) (C:\Users\sento\AppData\Local\Programs\MiKTeX\tex/latex/float\float.sty
Package: float 2001/11/08 v1.3d Float enhancements (AL)
\c@float@type=\count282
\float@exts=\toks24
\float@box=\box55
\@float@everytoks=\toks25
\@floatcapt=\box56
) (C:\Users\sento\AppData\Local\Programs\MiKTeX\tex/latex/filecontents\filecontents.sty
Package: filecontents 2023/04/02 v1.5a Create an external file from within a LaTeX document


Package filecontents Warning: This package is obsolete. Disabling it and
(filecontents)                passing control to the filecontents environment
(filecontents)                defined by the LaTeX kernel.

) (C:\Users\sento\AppData\Local\Programs\MiKTeX\tex/latex/lipsum\lipsum.sty (C:\Users\sento\AppData\Local\Programs\MiKTeX\tex/latex/l3packages/l3keys2e\l3keys2e.sty (C:\Users\sento\AppData\Local\Programs\MiKTeX\tex/latex/l3kernel\expl3.sty
Package: expl3 2023-08-29 L3 programming layer (loader) 
 (C:\Users\sento\AppData\Local\Programs\MiKTeX\tex/latex/l3backend\l3backend-pdftex.def
File: l3backend-pdftex.def 2023-04-19 L3 backend support: PDF output (pdfTeX)
\l__color_backend_stack_int=\count283
\l__pdf_internal_box=\box57
))
Package: l3keys2e 2023-08-29 LaTeX2e option processing using LaTeX3 keys
)
Package: lipsum 2021-09-20 v2.7 150 paragraphs of Lorem Ipsum dummy text
\g__lipsum_par_int=\count284
\l__lipsum_a_int=\count285
\l__lipsum_b_int=\count286
 (C:\Users\sento\AppData\Local\Programs\MiKTeX\tex/latex/lipsum\lipsum.ltd.tex)) (paper.aux

LaTeX Warning: Label `tab1' multiply defined.


LaTeX Warning: Label `tab2' multiply defined.

)
\openout1 = `paper.aux'.

LaTeX Font Info:    Checking defaults for OML/cmm/m/it on input line 21.
LaTeX Font Info:    ... okay on input line 21.
LaTeX Font Info:    Checking defaults for OMS/cmsy/m/n on input line 21.
LaTeX Font Info:    ... okay on input line 21.
LaTeX Font Info:    Checking defaults for OT1/cmr/m/n on input line 21.
LaTeX Font Info:    ... okay on input line 21.
LaTeX Font Info:    Checking defaults for T1/cmr/m/n on input line 21.
LaTeX Font Info:    ... okay on input line 21.
LaTeX Font Info:    Checking defaults for TS1/cmr/m/n on input line 21.
LaTeX Font Info:    ... okay on input line 21.
LaTeX Font Info:    Checking defaults for OMX/cmex/m/n on input line 21.
LaTeX Font Info:    ... okay on input line 21.
LaTeX Font Info:    Checking defaults for U/cmr/m/n on input line 21.
LaTeX Font Info:    ... okay on input line 21.

-- Lines per column: 56 (exact).
(C:\Users\sento\AppData\Local\Programs\MiKTeX\tex/context/base/mkii\supp-pdf.mkii
[Loading MPS to PDF converter (version 2006.09.02).]
\scratchcounter=\count287
\scratchdimen=\dimen175
\scratchbox=\box58
\nofMPsegments=\count288
\nofMParguments=\count289
\everyMPshowfont=\toks26
\MPscratchCnt=\count290
\MPscratchDim=\dimen176
\MPnumerator=\count291
\makeMPintoPDFobject=\count292
\everyMPtoPDFconversion=\toks27
) (C:\Users\sento\AppData\Local\Programs\MiKTeX\tex/latex/epstopdf-pkg\epstopdf-base.sty
Package: epstopdf-base 2020-01-24 v2.11 Base part for package epstopdf
Package epstopdf-base Info: Redefining graphics rule for `.eps' on input line 485.
 (C:\Users\sento\AppData\Local\Programs\MiKTeX\tex/latex/00miktex\epstopdf-sys.cfg
File: epstopdf-sys.cfg 2021/03/18 v2.0 Configuration of epstopdf for MiKTeX
))
LaTeX Font Info:    Trying to load font information for U+msa on input line 52.
 (C:\Users\sento\AppData\Local\Programs\MiKTeX\tex/latex/amsfonts\umsa.fd
File: umsa.fd 2013/01/14 v3.01 AMS symbols A
)
LaTeX Font Info:    Trying to load font information for U+msb on input line 52.
 (C:\Users\sento\AppData\Local\Programs\MiKTeX\tex/latex/amsfonts\umsb.fd
File: umsb.fd 2013/01/14 v3.01 AMS symbols B
)
Underfull \hbox (badness 2181) in paragraph at lines 63--65
[]\OT1/ptm/m/n/10 Roles are as-signed to im-prove soft-ware de-vel-op-ment
 []


Underfull \hbox (badness 10000) in paragraph at lines 63--65

 []


Underfull \hbox (badness 10000) in paragraph at lines 73--73
[]\OT1/ptm/m/n/10 Choi
 []


Underfull \hbox (badness 10000) in paragraph at lines 73--73
[]\OT1/ptm/m/n/10 Development
 []


Underfull \hbox (badness 10000) in paragraph at lines 74--76
[]\OT1/ptm/m/n/10 The role in-volves task
 []


Underfull \hbox (badness 10000) in paragraph at lines 74--76
\OT1/ptm/m/n/10 as-sess-ment, trans-lat-ing
 []


Underfull \hbox (badness 10000) in paragraph at lines 74--76
\OT1/ptm/m/n/10 re-quire-ments into prac-ti-cal
 []


Underfull \hbox (badness 6348) in paragraph at lines 74--76
\OT1/ptm/m/n/10 func-tion-al-ity, and dis-cern-ing
 []


Underfull \hbox (badness 10000) in paragraph at lines 74--76

 []


Underfull \hbox (badness 10000) in paragraph at lines 74--76
\OT1/ptm/m/n/10 the ex-e-cu-tion of soft-ware
 []


Underfull \hbox (badness 10000) in paragraph at lines 74--76
\OT1/ptm/m/n/10 fea-tures and ac-tive
 []


Underfull \hbox (badness 10000) in paragraph at lines 86--86
[]\OT1/ptm/m/n/10 Ann
 []


Underfull \hbox (badness 2913) in paragraph at lines 87--89
[]\OT1/ptm/m/n/10 This role pri-mar-ily in-volves
 []


Underfull \hbox (badness 10000) in paragraph at lines 87--89
\OT1/ptm/m/n/10 de-vel-op-ers to meet fea-ture
 []


Underfull \hbox (badness 10000) in paragraph at lines 87--89
\OT1/ptm/m/n/10 re-quire-ments. Ad-di-tion-ally,
 []


Underfull \hbox (badness 5359) in paragraph at lines 87--89
\OT1/ptm/m/n/10 en-sur-ing that the min-i-mum
 []


Underfull \hbox (badness 10000) in paragraph at lines 87--89
\OT1/ptm/m/n/10 vi-able prod-uct re-mains on
 []


Underfull \hbox (badness 10000) in paragraph at lines 87--89

 []


Underfull \hbox (badness 10000) in paragraph at lines 87--89
\OT1/ptm/m/n/10 cus-tomers to gather and
 []


Underfull \hbox (badness 10000) in paragraph at lines 87--89
\OT1/ptm/m/n/10 in-te-grate feed-back into
 []


Underfull \hbox (badness 10000) in paragraph at lines 87--89
\OT1/ptm/m/n/10 the prod-uct's de-vel-op-ment
 []


Underfull \hbox (badness 10000) in paragraph at lines 90--90
[]\OT1/ptm/m/n/10 Lee
 []


Underfull \hbox (badness 10000) in paragraph at lines 91--93
\OT1/ptm/m/n/10 iden-ti-fy-ing any de-fi-cien-cies
 []


Underfull \hbox (badness 10000) in paragraph at lines 91--93
\OT1/ptm/m/n/10 role also in-volves of-fer-ing
 []


Underfull \hbox (badness 10000) in paragraph at lines 91--93
\OT1/ptm/m/n/10 goals, ex-pec-ta-tions, and
 []


Underfull \hbox (badness 10000) in paragraph at lines 91--93
\OT1/ptm/m/n/10 de-liv-er-ables for im-prov-ing
 []


Underfull \hbox (badness 10000) in paragraph at lines 91--93
\OT1/ptm/m/n/10 on-go-ing com-pli-ance with
 []


Underfull \hbox (badness 10000) in paragraph at lines 91--93

 []


Underfull \hbox (badness 10000) in paragraph at lines 91--93
\OT1/ptm/m/n/10 Should the re-quire-ments
 []


Underfull \hbox (badness 2608) in paragraph at lines 91--93
\OT1/ptm/m/n/10 in-di-vid-ual is re-spon-si-ble for
 []


Underfull \hbox (badness 10000) in paragraph at lines 91--93
\OT1/ptm/m/n/10 com-mu-ni-cat-ing ac-tion-able
 []


Underfull \hbox (badness 10000) in paragraph at lines 91--93
\OT1/ptm/m/n/10 feed-back and eval-u-at-ing
 []

[1{C:/Users/sento/AppData/Local/MiKTeX/fonts/map/pdftex/pdftex.map}{C:/Users/sento/AppData/Local/Programs/MiKTeX/fonts/enc/dvips/base/8r.enc}


]
Underfull \hbox (badness 10000) in paragraph at lines 103--103
[]\OT1/ptm/m/n/10 Hong
 []


Underfull \hbox (badness 2205) in paragraph at lines 104--105
[]\OT1/ptm/m/n/10 This role is re-spon-si-ble for
 []


Underfull \hbox (badness 2582) in paragraph at lines 104--105
\OT1/ptm/m/n/10 and over-all user ex-pe-ri-ence.
 []


Underfull \hbox (badness 3189) in paragraph at lines 104--105
\OT1/ptm/m/n/10 a com-pre-hen-sive as-sess-ment,
 []


Underfull \hbox (badness 10000) in paragraph at lines 113--115

 []


Underfull \hbox (badness 10000) in paragraph at lines 116--117

 []


Underfull \hbox (badness 10000) in paragraph at lines 119--120

 []


Underfull \hbox (badness 10000) in paragraph at lines 121--122

 []


Underfull \hbox (badness 10000) in paragraph at lines 123--124

 []


Underfull \hbox (badness 10000) in paragraph at lines 127--129

 []


Underfull \hbox (badness 1803) in paragraph at lines 132--134
\OT1/ptm/m/n/10 hy-dra-tion mon-i-tor-ing sys-tem seeks to ad-dress the vi-tal
 []


Underfull \hbox (badness 2237) in paragraph at lines 132--134
\OT1/ptm/m/n/10 in-di-vid-ual iden-ti-fi-ca-tion for multi-pet house-holds, which
 []


Underfull \hbox (badness 10000) in paragraph at lines 132--134

 []

[2]
Underfull \hbox (badness 3514) in paragraph at lines 153--154
[]\OT1/ptm/m/n/10 If all the fields are cor-rectly filled out and
 []


Underfull \hbox (badness 10000) in paragraph at lines 153--154

 []


Underfull \hbox (badness 10000) in paragraph at lines 170--171

 []


Underfull \hbox (badness 10000) in paragraph at lines 184--185

 []


Underfull \hbox (badness 10000) in paragraph at lines 191--192

 []


Underfull \hbox (badness 10000) in paragraph at lines 197--198

 []


Underfull \hbox (badness 10000) in paragraph at lines 209--210

 []

[3]
Underfull \hbox (badness 10000) in paragraph at lines 249--250

 []


Underfull \hbox (badness 4647) in paragraph at lines 297--298
[]\OT1/ptm/m/n/10 Tapping the Nav-i-ga-tion-BarI-con slides out the
 []


Underfull \hbox (badness 10000) in paragraph at lines 297--298

 []


Underfull \hbox (badness 3229) in paragraph at lines 310--311
[]\OT1/ptm/m/n/10 A cal-en-dar but-ton al-lows users to se-lect spe-cific
 []


Underfull \hbox (badness 10000) in paragraph at lines 321--322

 []


Underfull \hbox (badness 10000) in paragraph at lines 326--328

 []

[4]
Underfull \hbox (badness 10000) in paragraph at lines 345--346

 []


Underfull \hbox (badness 10000) in paragraph at lines 357--357
[]\OT1/ptm/m/n/10 Choi
 []


Underfull \hbox (badness 3260) in paragraph at lines 358--359
\OT1/ptm/m/n/10 iOS us-ing Re-act Na-tive. It
 []


Underfull \hbox (badness 2035) in paragraph at lines 358--359
\OT1/ptm/m/n/10 in-cludes UI/UX de-sign, fea-
 []


Underfull \hbox (badness 10000) in paragraph at lines 369--369
[]\OT1/ptm/m/n/10 Ann
 []


Underfull \hbox (badness 10000) in paragraph at lines 369--369
\OT1/ptm/m/n/10 Jukyung
 []


Underfull \hbox (badness 10000) in paragraph at lines 369--369
\OT1/ptm/m/n/10 & Lee
 []


Underfull \hbox (badness 3942) in paragraph at lines 370--371
[]\OT1/ptm/m/n/10 The re-spon-si-bil-i-ties for this
 []


Underfull \hbox (badness 10000) in paragraph at lines 370--371
\OT1/ptm/m/n/10 database man-age-ment. This
 []


Underfull \hbox (badness 10000) in paragraph at lines 370--371
\OT1/ptm/m/n/10 in-cludes database de-sign
 []


Underfull \hbox (badness 10000) in paragraph at lines 370--371
\OT1/ptm/m/n/10 and man-age-ment, which
 []


Underfull \hbox (badness 10000) in paragraph at lines 370--371
\OT1/ptm/m/n/10 in-volves over-see-ing and
 []


Underfull \hbox (badness 6575) in paragraph at lines 370--371
\OT1/ptm/m/n/10 or-ga-niz-ing user in-for-ma-tion,
 []


Underfull \hbox (badness 10000) in paragraph at lines 370--371
\OT1/ptm/m/n/10 de-vice in-for-ma-tion, and
 []


Underfull \hbox (badness 5908) in paragraph at lines 370--371
\OT1/ptm/m/n/10 sta-tis-ti-cal data. Ad-di-tion-ally,
 []


Underfull \hbox (badness 10000) in paragraph at lines 370--371
\OT1/ptm/m/n/10 specif-i-cally uti-lizes Node.js
 []


Underfull \hbox (badness 5787) in paragraph at lines 370--371
\OT1/ptm/m/n/10 for this pur-pose. In terms
 []


Underfull \hbox (badness 5681) in paragraph at lines 370--371
\OT1/ptm/m/n/10 of de-vel-op-ment frame-works,
 []


Underfull \hbox (badness 2662) in paragraph at lines 370--371
\OT1/ptm/m/n/10 it re-lies on Ex-press.js. The
 []


Underfull \hbox (badness 2426) in paragraph at lines 370--371
\OT1/ptm/m/n/10 cho-sen database en-vi-ron-ment
 []


Underfull \hbox (badness 1629) in paragraph at lines 370--371
\OT1/ptm/m/n/10 is AWS with MySQL. This
 []


Underfull \hbox (badness 2521) in paragraph at lines 370--371
\OT1/ptm/m/n/10 mul-ti-faceted role en-tails not
 []


Underfull \hbox (badness 2799) in paragraph at lines 370--371
\OT1/ptm/m/n/10 only cre-at-ing and man-ag-ing
 []


Underfull \hbox (badness 10000) in paragraph at lines 370--371
\OT1/ptm/m/n/10 main-tain-ing ef-fi-cient server-
 []


Underfull \hbox (badness 5374) in paragraph at lines 370--371
\OT1/ptm/m/n/10 client com-mu-ni-ca-tion for a
 []


Underfull \hbox (badness 10000) in paragraph at lines 372--372
[]\OT1/ptm/m/n/10 Hong
 []


Underfull \hbox (badness 10000) in paragraph at lines 373--374
\OT1/ptm/m/n/10 for this project com-prises
 []


Underfull \hbox (badness 2302) in paragraph at lines 373--374
\OT1/ptm/m/n/10 Python 3.11 within a WSL
 []


Underfull \hbox (badness 10000) in paragraph at lines 373--374
\OT1/ptm/m/n/10 (Win-dows Sub-sys-tem for
 []


Underfull \hbox (badness 10000) in paragraph at lines 373--374
\OT1/ptm/m/n/10 Linux) setup. The core
 []


Underfull \hbox (badness 5374) in paragraph at lines 373--374
\OT1/ptm/m/n/10 ob-jec-tive in-volves in-di-vid-ual
 []


Underfull \hbox (badness 10000) in paragraph at lines 373--374
\OT1/ptm/m/n/10 pro-cess-ing and the likely
 []


Underfull \hbox (badness 10000) in paragraph at lines 373--374
\OT1/ptm/m/n/10 in-te-gra-tion of scikit-learn
 []


Underfull \hbox (badness 10000) in paragraph at lines 373--374
\OT1/ptm/m/n/10 ca-pa-bil-i-ties. Ad-di-tion-ally,
 []


Underfull \hbox (badness 10000) in paragraph at lines 373--374
\OT1/ptm/m/n/10 for data vi-su-al-iza-tion and
 []


Underfull \hbox (badness 4242) in paragraph at lines 373--374
\OT1/ptm/m/n/10 like Mat-plotlib are uti-lized.
 []


Underfull \hbox (badness 10000) in paragraph at lines 373--374
\OT1/ptm/m/n/10 Fur-ther-more, the project
 []


** Conference Paper **
Before submitting the final camera ready copy, remember to:

 1. Manually equalize the lengths of two columns on the last page
 of your paper;

 2. Ensure that any PostScript and/or PDF output post-processing
 uses only Type 1 fonts and that every step in the generation
 process uses the appropriate paper size.

[5] (paper.aux)
 ***********
LaTeX2e <2023-06-01> patch level 1
L3 programming layer <2023-08-29>
 ***********


LaTeX Warning: There were multiply-defined labels.

 ) 
Here is how much of TeX's memory you used:
 4699 strings out of 475248
 77814 string characters out of 5757812
 1942785 words of memory out of 5000000
 26167 multiletter control sequences out of 15000+600000
 594945 words of font info for 107 fonts, out of 8000000 for 9000
 1141 hyphenation exceptions out of 8191
 79i,10n,93p,1593b,383s stack positions out of 10000i,1000n,20000p,200000b,200000s
<C:/Users/sento/AppData/Local/Programs/MiKTeX/fonts/type1/public/amsfonts/cm/cmsy10.pfb><C:/Users/sento/AppData/Local/Programs/MiKTeX/fonts/type1/public/amsfonts/cm/cmsy7.pfb><C:/Users/sento/AppData/Local/Programs/MiKTeX/fonts/type1/urw/times/utmb8a.pfb><C:/Users/sento/AppData/Local/Programs/MiKTeX/fonts/type1/urw/times/utmbi8a.pfb><C:/Users/sento/AppData/Local/Programs/MiKTeX/fonts/type1/urw/times/utmr8a.pfb><C:/Users/sento/AppData/Local/Programs/MiKTeX/fonts/type1/urw/times/utmri8a.pfb>
Output written on paper.pdf (5 pages, 98279 bytes).
PDF statistics:
 49 PDF objects out of 1000 (max. 8388607)
 0 named destinations out of 1000 (max. 500000)
 1 words of extra memory for PDF output out of 10000 (max. 10000000)

